<?xml version="1.0" encoding="UTF-8"?>
<testsuite name="memo1.ejercicio1.TransactionManagerTest" tests="5" skipped="0" failures="0" errors="0" timestamp="2024-11-06T18:55:59" hostname="codespaces-4d7fba" time="0.005">
  <properties/>
  <testcase name="transactionsManagerShouldSaveAllDataCorrectlyForDeposit()" classname="memo1.ejercicio1.TransactionManagerTest" time="0.0"/>
  <testcase name="transactionsManagerShouldGetCorrectlyVariousTransactions()" classname="memo1.ejercicio1.TransactionManagerTest" time="0.0"/>
  <testcase name="transactionsManagerShouldThrowExceptionWhenTryingToGetNonExistentTransaction()" classname="memo1.ejercicio1.TransactionManagerTest" time="0.0"/>
  <testcase name="transactionsManagerShouldSaveAllDataCorrectlyForWithdrawal()" classname="memo1.ejercicio1.TransactionManagerTest" time="0.001"/>
  <testcase name="transactionsManagerShouldSaveAllDataCorrectlyForTransfer()" classname="memo1.ejercicio1.TransactionManagerTest" time="0.001"/>
  <system-out><![CDATA[]]></system-out>
  <system-err><![CDATA[]]></system-err>
</testsuite>
